<?xml version="1.0" encoding="UTF-8" ?>
<testsuite tests="3" failures="2" name="TestSuite" time="15.721" errors="0" skipped="1">
  <properties>
[...]
</properties>
  <testcase classname="com.opencart.test.AccountsPageTest" name="setup" time="15.714">
    <failure type="java.lang.NullPointerException">java.lang.NullPointerException
	at com.opencart.test.AccountsPageTest.setup(AccountsPageTest.java:14)
</failure>
    <system-out>Configuring TestNG with: org.apache.maven.surefire.testng.conf.TestNG652Configurator@6c49835d
</system-out>
    <system-err>SLF4J: Failed to load class &quot;org.slf4j.impl.StaticLoggerBinder&quot;.
SLF4J: Defaulting to no-operation (NOP) logger implementation
SLF4J: See http://www.slf4j.org/codes.html#StaticLoggerBinder for further details.
Starting ChromeDriver 90.0.4430.24 (4c6d850f087da467d926e8eddb76550aed655991-refs/branch-heads/4430@{#429}) on port 18591
Only local connections are allowed.
Please see https://chromedriver.chromium.org/security-considerations for suggestions on keeping ChromeDriver safe.
ChromeDriver was started successfully.
May 28, 2021 9:14:33 PM org.openqa.selenium.remote.ProtocolHandshake createSession
INFO: Detected dialect: W3C
</system-err>
  </testcase>
  <testcase classname="com.opencart.test.AccountsPageTest" name="titleTest" time="0.001">
    <skipped/>
  </testcase>
  <testcase classname="com.opencart.test.LoginPageTest" name="titileTest" time="0.006">
    <failure type="java.lang.NullPointerException">java.lang.NullPointerException
	at com.opencart.test.LoginPageTest.titileTest(LoginPageTest.java:12)
</failure>
  </testcase>
</testsuite>