<?xml version="1.0" encoding="UTF-8"?>
<!-- Generated by org.testng.reporters.JUnitXMLReporter -->
<testsuite hostname="Gyana-Lapy" failures="1" tests="2" name="Command line test" time="15.808" errors="0" timestamp="28 May 2021 15:44:39 GMT">
  <testcase classname="com.opencart.test.AccountsPageTest" name="@BeforeClass setup" time="0.0">
    <failure type="java.lang.NullPointerException">
      <![CDATA[java.lang.NullPointerException
	at com.opencart.test.AccountsPageTest.setup(AccountsPageTest.java:14)
... Removed 34 stack frames]]>
    </failure>
  </testcase> <!-- @BeforeClass setup -->
  <testcase classname="com.opencart.test.AccountsPageTest" name="titleTest" time="0.001">
    <skipped/>
  </testcase> <!-- titleTest -->
  <testcase classname="com.opencart.test.LoginPageTest" name="titileTest" time="0.001">
    <failure type="java.lang.NullPointerException">
      <![CDATA[java.lang.NullPointerException
	at com.opencart.test.LoginPageTest.titileTest(LoginPageTest.java:12)
... Removed 34 stack frames]]>
    </failure>
  </testcase> <!-- titileTest -->
</testsuite> <!-- Command line test -->
